2018-11-17 10:28:13.7215 | [EVENT_ID]  | DEBUG | [LOGGER] jobs_manager.Program | [DATA] init main  | [URL]  | [ACTION] 
2018-11-17 10:28:14.4695 | [EVENT_ID]  | INFO | [LOGGER] Hangfire.PostgreSql.PostgreSqlStorage | [DATA] Start installing Hangfire SQL objects...  | [URL]  | [ACTION] 
2018-11-17 10:28:14.5520 | [EVENT_ID]  | INFO | [LOGGER] Hangfire.PostgreSql.PostgreSqlStorage | [DATA] Hangfire SQL objects installed.  | [URL]  | [ACTION] 
2018-11-17 10:28:14.5685 | [EVENT_ID]  | INFO | [LOGGER] Hangfire.BackgroundJobServer | [DATA] Starting Hangfire Server  | [URL]  | [ACTION] 
2018-11-17 10:28:14.5685 | [EVENT_ID]  | INFO | [LOGGER] Hangfire.BackgroundJobServer | [DATA] Using job storage: 'PostgreSQL Server: Host: 192.168.99.100, DB: hangfire, Schema: hangfire'  | [URL]  | [ACTION] 
2018-11-17 10:28:14.5685 | [EVENT_ID]  | INFO | [LOGGER] Hangfire.BackgroundJobServer | [DATA] Using the following options for SQL Server job storage:  | [URL]  | [ACTION] 
2018-11-17 10:28:14.5685 | [EVENT_ID]  | INFO | [LOGGER] Hangfire.BackgroundJobServer | [DATA]     Queue poll interval: 00:00:15.  | [URL]  | [ACTION] 
2018-11-17 10:28:14.5685 | [EVENT_ID]  | INFO | [LOGGER] Hangfire.BackgroundJobServer | [DATA]     Invisibility timeout: 00:30:00.  | [URL]  | [ACTION] 
2018-11-17 10:28:14.5685 | [EVENT_ID]  | INFO | [LOGGER] Hangfire.BackgroundJobServer | [DATA] Using the following options for Hangfire Server:  | [URL]  | [ACTION] 
2018-11-17 10:28:14.5685 | [EVENT_ID]  | INFO | [LOGGER] Hangfire.BackgroundJobServer | [DATA]     Worker count: 20  | [URL]  | [ACTION] 
2018-11-17 10:28:14.5685 | [EVENT_ID]  | INFO | [LOGGER] Hangfire.BackgroundJobServer | [DATA]     Listening queues: 'default'  | [URL]  | [ACTION] 
2018-11-17 10:28:14.5745 | [EVENT_ID]  | INFO | [LOGGER] Hangfire.BackgroundJobServer | [DATA]     Shutdown timeout: 00:00:15  | [URL]  | [ACTION] 
2018-11-17 10:28:14.5745 | [EVENT_ID]  | INFO | [LOGGER] Hangfire.BackgroundJobServer | [DATA]     Schedule polling interval: 00:00:15  | [URL]  | [ACTION] 
2018-11-17 10:28:14.5745 | [EVENT_ID]  | DEBUG | [LOGGER] Hangfire.Server.BackgroundProcessingServer | [DATA] Background process 'BackgroundProcessingServer' started.  | [URL]  | [ACTION] 
2018-11-17 10:28:14.6280 | [EVENT_ID]  | DEBUG | [LOGGER] Hangfire.Server.ServerHeartbeat | [DATA] Background process 'ServerHeartbeat' started.  | [URL]  | [ACTION] 
2018-11-17 10:28:14.6280 | [EVENT_ID]  | DEBUG | [LOGGER] Hangfire.Server.Worker | [DATA] Background process 'Worker #b735c749' started.  | [URL]  | [ACTION] 
2018-11-17 10:28:14.6280 | [EVENT_ID]  | DEBUG | [LOGGER] Hangfire.Server.ServerWatchdog | [DATA] Background process 'ServerWatchdog' started.  | [URL]  | [ACTION] 
2018-11-17 10:28:14.6280 | [EVENT_ID]  | DEBUG | [LOGGER] Hangfire.Server.Worker | [DATA] Background process 'Worker #96ec530c' started.  | [URL]  | [ACTION] 
2018-11-17 10:28:14.6280 | [EVENT_ID]  | DEBUG | [LOGGER] Hangfire.PostgreSql.ExpirationManager | [DATA] Background process 'SQL Records Expiration Manager' started.  | [URL]  | [ACTION] 
2018-11-17 10:28:14.6370 | [EVENT_ID]  | DEBUG | [LOGGER] Hangfire.PostgreSql.ExpirationManager | [DATA] Removing outdated records from table 'counter'...  | [URL]  | [ACTION] 
2018-11-17 10:28:14.6370 | [EVENT_ID]  | DEBUG | [LOGGER] Hangfire.PostgreSql.ExpirationManager | [DATA] Removing outdated records from table 'job'...  | [URL]  | [ACTION] 
2018-11-17 10:28:14.6370 | [EVENT_ID]  | DEBUG | [LOGGER] Hangfire.PostgreSql.ExpirationManager | [DATA] Removing outdated records from table 'list'...  | [URL]  | [ACTION] 
2018-11-17 10:28:14.6370 | [EVENT_ID]  | DEBUG | [LOGGER] Hangfire.Server.Worker | [DATA] Background process 'Worker #e04c9428' started.  | [URL]  | [ACTION] 
2018-11-17 10:28:14.6370 | [EVENT_ID]  | DEBUG | [LOGGER] Hangfire.PostgreSql.ExpirationManager | [DATA] Removing outdated records from table 'set'...  | [URL]  | [ACTION] 
2018-11-17 10:28:14.6370 | [EVENT_ID]  | DEBUG | [LOGGER] Hangfire.Server.Worker | [DATA] Background process 'Worker #4b46bdbb' started.  | [URL]  | [ACTION] 
2018-11-17 10:28:14.6370 | [EVENT_ID]  | DEBUG | [LOGGER] Hangfire.Server.Worker | [DATA] Background process 'Worker #b443269f' started.  | [URL]  | [ACTION] 
2018-11-17 10:28:14.6370 | [EVENT_ID]  | DEBUG | [LOGGER] Hangfire.Server.Worker | [DATA] Background process 'Worker #a8be4059' started.  | [URL]  | [ACTION] 
2018-11-17 10:28:14.6370 | [EVENT_ID]  | DEBUG | [LOGGER] Hangfire.Server.Worker | [DATA] Background process 'Worker #e8f4bd29' started.  | [URL]  | [ACTION] 
2018-11-17 10:28:14.6560 | [EVENT_ID]  | DEBUG | [LOGGER] Hangfire.Server.Worker | [DATA] Background process 'Worker #c674331b' started.  | [URL]  | [ACTION] 
2018-11-17 10:28:14.6560 | [EVENT_ID]  | DEBUG | [LOGGER] Hangfire.Server.Worker | [DATA] Background process 'Worker #dde2e19b' started.  | [URL]  | [ACTION] 
2018-11-17 10:28:14.6560 | [EVENT_ID]  | DEBUG | [LOGGER] Hangfire.Server.Worker | [DATA] Background process 'Worker #913f1e51' started.  | [URL]  | [ACTION] 
2018-11-17 10:28:14.6560 | [EVENT_ID]  | DEBUG | [LOGGER] Hangfire.Server.Worker | [DATA] Background process 'Worker #fa75a869' started.  | [URL]  | [ACTION] 
2018-11-17 10:28:14.6560 | [EVENT_ID]  | DEBUG | [LOGGER] Hangfire.Server.Worker | [DATA] Background process 'Worker #2b38cbb0' started.  | [URL]  | [ACTION] 
2018-11-17 10:28:14.6560 | [EVENT_ID]  | DEBUG | [LOGGER] Hangfire.Server.Worker | [DATA] Background process 'Worker #07de2cd8' started.  | [URL]  | [ACTION] 
2018-11-17 10:28:14.6560 | [EVENT_ID]  | DEBUG | [LOGGER] Hangfire.Server.Worker | [DATA] Background process 'Worker #4f3d5871' started.  | [URL]  | [ACTION] 
2018-11-17 10:28:14.6560 | [EVENT_ID]  | DEBUG | [LOGGER] Hangfire.Server.Worker | [DATA] Background process 'Worker #74fb412f' started.  | [URL]  | [ACTION] 
2018-11-17 10:28:14.6560 | [EVENT_ID]  | DEBUG | [LOGGER] Hangfire.Server.Worker | [DATA] Background process 'Worker #03233560' started.  | [URL]  | [ACTION] 
2018-11-17 10:28:14.6560 | [EVENT_ID]  | DEBUG | [LOGGER] Hangfire.Server.Worker | [DATA] Background process 'Worker #366698ab' started.  | [URL]  | [ACTION] 
2018-11-17 10:28:14.6560 | [EVENT_ID]  | DEBUG | [LOGGER] Hangfire.Server.Worker | [DATA] Background process 'Worker #07102362' started.  | [URL]  | [ACTION] 
2018-11-17 10:28:14.6560 | [EVENT_ID]  | DEBUG | [LOGGER] Hangfire.Server.Worker | [DATA] Background process 'Worker #e8a4d3e0' started.  | [URL]  | [ACTION] 
2018-11-17 10:28:14.6560 | [EVENT_ID]  | DEBUG | [LOGGER] Hangfire.Server.Worker | [DATA] Background process 'Worker #78c1d22b' started.  | [URL]  | [ACTION] 
2018-11-17 10:28:14.6560 | [EVENT_ID]  | DEBUG | [LOGGER] Hangfire.Server.DelayedJobScheduler | [DATA] Background process 'DelayedJobScheduler' started.  | [URL]  | [ACTION] 
2018-11-17 10:28:14.6560 | [EVENT_ID]  | DEBUG | [LOGGER] Hangfire.Server.RecurringJobScheduler | [DATA] Background process 'RecurringJobScheduler' started.  | [URL]  | [ACTION] 
2018-11-17 10:28:14.7015 | [EVENT_ID]  | DEBUG | [LOGGER] Hangfire.PostgreSql.ExpirationManager | [DATA] Removing outdated records from table 'hash'...  | [URL]  | [ACTION] 
2018-11-17 10:28:18.4005 | [EVENT_ID]  | DEBUG | [LOGGER] Hangfire.BackgroundJobServer | [DATA] Hangfire Server is stopping...  | [URL]  | [ACTION] 
2018-11-17 10:28:18.4005 | [EVENT_ID]  | DEBUG | [LOGGER] Hangfire.PostgreSql.ExpirationManager | [DATA] Background process 'SQL Records Expiration Manager' stopped.  | [URL]  | [ACTION] 
2018-11-17 10:28:18.4005 | [EVENT_ID]  | DEBUG | [LOGGER] Hangfire.Server.DelayedJobScheduler | [DATA] Background process 'DelayedJobScheduler' stopped.  | [URL]  | [ACTION] 
2018-11-17 10:28:18.4005 | [EVENT_ID]  | TRACE | [LOGGER] Hangfire.Server.Worker | [DATA] Background process 'Worker #dde2e19b' was stopped due to a shutdown request.  | [URL]  | [ACTION] 
2018-11-17 10:28:18.4005 | [EVENT_ID]  | TRACE | [LOGGER] Hangfire.Server.Worker | [DATA] Background process 'Worker #913f1e51' was stopped due to a shutdown request.  | [URL]  | [ACTION] 
2018-11-17 10:28:18.4005 | [EVENT_ID]  | TRACE | [LOGGER] Hangfire.Server.Worker | [DATA] Background process 'Worker #2b38cbb0' was stopped due to a shutdown request.  | [URL]  | [ACTION] 
2018-11-17 10:28:18.4005 | [EVENT_ID]  | TRACE | [LOGGER] Hangfire.Server.Worker | [DATA] Background process 'Worker #74fb412f' was stopped due to a shutdown request.  | [URL]  | [ACTION] 
2018-11-17 10:28:18.4005 | [EVENT_ID]  | TRACE | [LOGGER] Hangfire.Server.Worker | [DATA] Background process 'Worker #e04c9428' was stopped due to a shutdown request.  | [URL]  | [ACTION] 
2018-11-17 10:28:18.4005 | [EVENT_ID]  | TRACE | [LOGGER] Hangfire.Server.Worker | [DATA] Background process 'Worker #96ec530c' was stopped due to a shutdown request.  | [URL]  | [ACTION] 
2018-11-17 10:28:18.4005 | [EVENT_ID]  | DEBUG | [LOGGER] Hangfire.Server.Worker | [DATA] Background process 'Worker #2b38cbb0' stopped.  | [URL]  | [ACTION] 
2018-11-17 10:28:18.4005 | [EVENT_ID]  | TRACE | [LOGGER] Hangfire.Server.Worker | [DATA] Background process 'Worker #b443269f' was stopped due to a shutdown request.  | [URL]  | [ACTION] 
2018-11-17 10:28:18.4005 | [EVENT_ID]  | TRACE | [LOGGER] Hangfire.Server.Worker | [DATA] Background process 'Worker #07de2cd8' was stopped due to a shutdown request.  | [URL]  | [ACTION] 
2018-11-17 10:28:18.4005 | [EVENT_ID]  | DEBUG | [LOGGER] Hangfire.Server.Worker | [DATA] Background process 'Worker #74fb412f' stopped.  | [URL]  | [ACTION] 
2018-11-17 10:28:18.4005 | [EVENT_ID]  | TRACE | [LOGGER] Hangfire.Server.Worker | [DATA] Background process 'Worker #fa75a869' was stopped due to a shutdown request.  | [URL]  | [ACTION] 
2018-11-17 10:28:18.4005 | [EVENT_ID]  | TRACE | [LOGGER] Hangfire.Server.Worker | [DATA] Background process 'Worker #366698ab' was stopped due to a shutdown request.  | [URL]  | [ACTION] 
2018-11-17 10:28:18.4005 | [EVENT_ID]  | DEBUG | [LOGGER] Hangfire.Server.Worker | [DATA] Background process 'Worker #fa75a869' stopped.  | [URL]  | [ACTION] 
2018-11-17 10:28:18.4005 | [EVENT_ID]  | TRACE | [LOGGER] Hangfire.Server.Worker | [DATA] Background process 'Worker #03233560' was stopped due to a shutdown request.  | [URL]  | [ACTION] 
2018-11-17 10:28:18.4005 | [EVENT_ID]  | TRACE | [LOGGER] Hangfire.Server.Worker | [DATA] Background process 'Worker #a8be4059' was stopped due to a shutdown request.  | [URL]  | [ACTION] 
2018-11-17 10:28:18.4005 | [EVENT_ID]  | TRACE | [LOGGER] Hangfire.Server.Worker | [DATA] Background process 'Worker #78c1d22b' was stopped due to a shutdown request.  | [URL]  | [ACTION] 
2018-11-17 10:28:18.4005 | [EVENT_ID]  | TRACE | [LOGGER] Hangfire.Server.Worker | [DATA] Background process 'Worker #07102362' was stopped due to a shutdown request.  | [URL]  | [ACTION] 
2018-11-17 10:28:18.4005 | [EVENT_ID]  | DEBUG | [LOGGER] Hangfire.Server.Worker | [DATA] Background process 'Worker #78c1d22b' stopped.  | [URL]  | [ACTION] 
2018-11-17 10:28:18.4005 | [EVENT_ID]  | DEBUG | [LOGGER] Hangfire.Server.ServerWatchdog | [DATA] Background process 'ServerWatchdog' stopped.  | [URL]  | [ACTION] 
2018-11-17 10:28:18.4005 | [EVENT_ID]  | TRACE | [LOGGER] Hangfire.Server.Worker | [DATA] Background process 'Worker #4f3d5871' was stopped due to a shutdown request.  | [URL]  | [ACTION] 
2018-11-17 10:28:18.4005 | [EVENT_ID]  | TRACE | [LOGGER] Hangfire.Server.Worker | [DATA] Background process 'Worker #e8a4d3e0' was stopped due to a shutdown request.  | [URL]  | [ACTION] 
2018-11-17 10:28:18.4115 | [EVENT_ID]  | DEBUG | [LOGGER] Hangfire.Server.Worker | [DATA] Background process 'Worker #e8a4d3e0' stopped.  | [URL]  | [ACTION] 
2018-11-17 10:28:18.4005 | [EVENT_ID]  | TRACE | [LOGGER] Hangfire.Server.Worker | [DATA] Background process 'Worker #b735c749' was stopped due to a shutdown request.  | [URL]  | [ACTION] 
2018-11-17 10:28:18.4005 | [EVENT_ID]  | DEBUG | [LOGGER] Hangfire.Server.Worker | [DATA] Background process 'Worker #913f1e51' stopped.  | [URL]  | [ACTION] 
2018-11-17 10:28:18.4005 | [EVENT_ID]  | TRACE | [LOGGER] Hangfire.Server.Worker | [DATA] Background process 'Worker #4b46bdbb' was stopped due to a shutdown request.  | [URL]  | [ACTION] 
2018-11-17 10:28:18.4115 | [EVENT_ID]  | DEBUG | [LOGGER] Hangfire.Server.Worker | [DATA] Background process 'Worker #4b46bdbb' stopped.  | [URL]  | [ACTION] 
2018-11-17 10:28:18.4005 | [EVENT_ID]  | TRACE | [LOGGER] Hangfire.Server.RecurringJobScheduler | [DATA] Background process 'RecurringJobScheduler' was stopped due to a shutdown request.  | [URL]  | [ACTION] 
2018-11-17 10:28:18.4115 | [EVENT_ID]  | DEBUG | [LOGGER] Hangfire.Server.Worker | [DATA] Background process 'Worker #4f3d5871' stopped.  | [URL]  | [ACTION] 
2018-11-17 10:28:18.4005 | [EVENT_ID]  | DEBUG | [LOGGER] Hangfire.Server.Worker | [DATA] Background process 'Worker #dde2e19b' stopped.  | [URL]  | [ACTION] 
2018-11-17 10:28:18.4005 | [EVENT_ID]  | TRACE | [LOGGER] Hangfire.Server.Worker | [DATA] Background process 'Worker #e8f4bd29' was stopped due to a shutdown request.  | [URL]  | [ACTION] 
2018-11-17 10:28:18.4005 | [EVENT_ID]  | DEBUG | [LOGGER] Hangfire.Server.Worker | [DATA] Background process 'Worker #e04c9428' stopped.  | [URL]  | [ACTION] 
2018-11-17 10:28:18.4005 | [EVENT_ID]  | DEBUG | [LOGGER] Hangfire.Server.Worker | [DATA] Background process 'Worker #96ec530c' stopped.  | [URL]  | [ACTION] 
2018-11-17 10:28:18.4005 | [EVENT_ID]  | DEBUG | [LOGGER] Hangfire.Server.Worker | [DATA] Background process 'Worker #b443269f' stopped.  | [URL]  | [ACTION] 
2018-11-17 10:28:18.4005 | [EVENT_ID]  | DEBUG | [LOGGER] Hangfire.Server.Worker | [DATA] Background process 'Worker #07de2cd8' stopped.  | [URL]  | [ACTION] 
2018-11-17 10:28:18.4005 | [EVENT_ID]  | DEBUG | [LOGGER] Hangfire.Server.Worker | [DATA] Background process 'Worker #366698ab' stopped.  | [URL]  | [ACTION] 
2018-11-17 10:28:18.4005 | [EVENT_ID]  | DEBUG | [LOGGER] Hangfire.Server.Worker | [DATA] Background process 'Worker #03233560' stopped.  | [URL]  | [ACTION] 
2018-11-17 10:28:18.4005 | [EVENT_ID]  | DEBUG | [LOGGER] Hangfire.Server.Worker | [DATA] Background process 'Worker #a8be4059' stopped.  | [URL]  | [ACTION] 
2018-11-17 10:28:18.4005 | [EVENT_ID]  | DEBUG | [LOGGER] Hangfire.Server.ServerHeartbeat | [DATA] Background process 'ServerHeartbeat' stopped.  | [URL]  | [ACTION] 
2018-11-17 10:28:18.4115 | [EVENT_ID]  | DEBUG | [LOGGER] Hangfire.Server.Worker | [DATA] Background process 'Worker #07102362' stopped.  | [URL]  | [ACTION] 
2018-11-17 10:28:18.4005 | [EVENT_ID]  | TRACE | [LOGGER] Hangfire.Server.Worker | [DATA] Background process 'Worker #c674331b' was stopped due to a shutdown request.  | [URL]  | [ACTION] 
2018-11-17 10:28:18.4115 | [EVENT_ID]  | DEBUG | [LOGGER] Hangfire.Server.Worker | [DATA] Background process 'Worker #b735c749' stopped.  | [URL]  | [ACTION] 
2018-11-17 10:28:18.4115 | [EVENT_ID]  | DEBUG | [LOGGER] Hangfire.Server.RecurringJobScheduler | [DATA] Background process 'RecurringJobScheduler' stopped.  | [URL]  | [ACTION] 
2018-11-17 10:28:18.4115 | [EVENT_ID]  | DEBUG | [LOGGER] Hangfire.Server.Worker | [DATA] Background process 'Worker #e8f4bd29' stopped.  | [URL]  | [ACTION] 
2018-11-17 10:28:18.4115 | [EVENT_ID]  | DEBUG | [LOGGER] Hangfire.Server.Worker | [DATA] Background process 'Worker #c674331b' stopped.  | [URL]  | [ACTION] 
2018-11-17 10:28:18.4115 | [EVENT_ID]  | DEBUG | [LOGGER] Hangfire.Server.BackgroundProcessingServer | [DATA] Background process 'BackgroundProcessingServer' stopped.  | [URL]  | [ACTION] 
2018-11-17 10:28:18.4115 | [EVENT_ID]  | INFO | [LOGGER] Hangfire.BackgroundJobServer | [DATA] Hangfire Server stopped.  | [URL]  | [ACTION] 
2018-11-17 10:35:21.3165 | [EVENT_ID]  | DEBUG | [LOGGER] jobs_manager.Program | [DATA] init main  | [URL]  | [ACTION] 
2018-11-17 10:35:23.2765 | [EVENT_ID] 6 | FATAL | [LOGGER] Microsoft.AspNetCore.Hosting.Internal.WebHost | [DATA] Application startup exception System.Net.Sockets.SocketException (10061): No connection could be made because the target machine actively refused it
   at Npgsql.NpgsqlConnector.Connect(NpgsqlTimeout timeout) in C:\projects\npgsql\src\Npgsql\NpgsqlConnector.cs:line 703
   at Npgsql.NpgsqlConnector.RawOpen(NpgsqlTimeout timeout, Boolean async, CancellationToken cancellationToken) in C:\projects\npgsql\src\Npgsql\NpgsqlConnector.cs:line 555
   at Npgsql.NpgsqlConnector.Open(NpgsqlTimeout timeout, Boolean async, CancellationToken cancellationToken) in C:\projects\npgsql\src\Npgsql\NpgsqlConnector.cs:line 414
   at Npgsql.ConnectorPool.AllocateLong(NpgsqlConnection conn, NpgsqlTimeout timeout, Boolean async, CancellationToken cancellationToken) in C:\projects\npgsql\src\Npgsql\ConnectorPool.cs:line 246
   at Npgsql.NpgsqlConnection.<>c__DisplayClass32_0.<<Open>g__OpenLong|0>d.MoveNext() in C:\projects\npgsql\src\Npgsql\NpgsqlConnection.cs:line 304
--- End of stack trace from previous location where exception was thrown ---
   at Npgsql.NpgsqlConnection.Open() in C:\projects\npgsql\src\Npgsql\NpgsqlConnection.cs:line 153
   at Hangfire.PostgreSql.PostgreSqlStorage.CreateAndOpenConnection()
   at Hangfire.PostgreSql.PostgreSqlStorage..ctor(String nameOrConnectionString, PostgreSqlStorageOptions options)
   at Hangfire.PostgreSql.PostgreSqlBootstrapperConfigurationExtensions.UsePostgreSqlStorage(IGlobalConfiguration configuration, String nameOrConnectionString)
   at jobs_manager.Startup.<ConfigureServices>b__4_0(IGlobalConfiguration options) in D:\hoangle\rebuild_projects\jobs_manager\Startup.cs:line 32
   at Hangfire.HangfireServiceCollectionExtensions.<>c__DisplayClass0_0.<AddHangfire>b__9(IServiceProvider serviceProvider)
   at Microsoft.Extensions.DependencyInjection.ServiceLookup.CallSiteRuntimeResolver.VisitFactory(FactoryCallSite factoryCallSite, ServiceProviderEngineScope scope)
   at Microsoft.Extensions.DependencyInjection.ServiceLookup.CallSiteVisitor`2.VisitCallSite(IServiceCallSite callSite, TArgument argument)
   at Microsoft.Extensions.DependencyInjection.ServiceLookup.CallSiteRuntimeResolver.VisitScoped(ScopedCallSite scopedCallSite, ServiceProviderEngineScope scope)
   at Microsoft.Extensions.DependencyInjection.ServiceLookup.CallSiteRuntimeResolver.VisitSingleton(SingletonCallSite singletonCallSite, ServiceProviderEngineScope scope)
   at Microsoft.Extensions.DependencyInjection.ServiceLookup.CallSiteVisitor`2.VisitCallSite(IServiceCallSite callSite, TArgument argument)
   at Microsoft.Extensions.DependencyInjection.ServiceLookup.DynamicServiceProviderEngine.<>c__DisplayClass1_0.<RealizeService>b__0(ServiceProviderEngineScope scope)
   at Microsoft.Extensions.DependencyInjection.ServiceLookup.ServiceProviderEngine.GetService(Type serviceType, ServiceProviderEngineScope serviceProviderEngineScope)
   at Microsoft.Extensions.DependencyInjection.ServiceLookup.ServiceProviderEngine.GetService(Type serviceType)
   at Microsoft.Extensions.DependencyInjection.ServiceProvider.GetService(Type serviceType)
   at Microsoft.Extensions.DependencyInjection.ServiceProviderServiceExtensions.GetService[T](IServiceProvider provider)
   at Hangfire.HangfireApplicationBuilderExtensions.ThrowIfNotConfigured(IApplicationBuilder app)
   at Hangfire.HangfireApplicationBuilderExtensions.UseHangfireServer(IApplicationBuilder app, BackgroundJobServerOptions options, IEnumerable`1 additionalProcesses, JobStorage storage)
   at jobs_manager.Startup.Configure(IApplicationBuilder app, IHostingEnvironment env) in D:\hoangle\rebuild_projects\jobs_manager\Startup.cs:line 58
--- End of stack trace from previous location where exception was thrown ---
   at Microsoft.AspNetCore.Hosting.ConventionBasedStartup.Configure(IApplicationBuilder app)
   at Microsoft.AspNetCore.HostFilteringStartupFilter.<>c__DisplayClass0_0.<Configure>b__0(IApplicationBuilder app)
   at Microsoft.AspNetCore.Hosting.Internal.AutoRequestServicesStartupFilter.<>c__DisplayClass0_0.<Configure>b__0(IApplicationBuilder builder)
   at Microsoft.AspNetCore.Hosting.Internal.WebHost.BuildApplication() | [URL]  | [ACTION] 
2018-11-17 10:35:23.2950 | [EVENT_ID]  | ERROR | [LOGGER] jobs_manager.Program | [DATA] Stopped program because of exception System.Net.Sockets.SocketException (10061): No connection could be made because the target machine actively refused it
   at Npgsql.NpgsqlConnector.Connect(NpgsqlTimeout timeout) in C:\projects\npgsql\src\Npgsql\NpgsqlConnector.cs:line 703
   at Npgsql.NpgsqlConnector.RawOpen(NpgsqlTimeout timeout, Boolean async, CancellationToken cancellationToken) in C:\projects\npgsql\src\Npgsql\NpgsqlConnector.cs:line 555
   at Npgsql.NpgsqlConnector.Open(NpgsqlTimeout timeout, Boolean async, CancellationToken cancellationToken) in C:\projects\npgsql\src\Npgsql\NpgsqlConnector.cs:line 414
   at Npgsql.ConnectorPool.AllocateLong(NpgsqlConnection conn, NpgsqlTimeout timeout, Boolean async, CancellationToken cancellationToken) in C:\projects\npgsql\src\Npgsql\ConnectorPool.cs:line 246
   at Npgsql.NpgsqlConnection.<>c__DisplayClass32_0.<<Open>g__OpenLong|0>d.MoveNext() in C:\projects\npgsql\src\Npgsql\NpgsqlConnection.cs:line 304
--- End of stack trace from previous location where exception was thrown ---
   at Npgsql.NpgsqlConnection.Open() in C:\projects\npgsql\src\Npgsql\NpgsqlConnection.cs:line 153
   at Hangfire.PostgreSql.PostgreSqlStorage.CreateAndOpenConnection()
   at Hangfire.PostgreSql.PostgreSqlStorage..ctor(String nameOrConnectionString, PostgreSqlStorageOptions options)
   at Hangfire.PostgreSql.PostgreSqlBootstrapperConfigurationExtensions.UsePostgreSqlStorage(IGlobalConfiguration configuration, String nameOrConnectionString)
   at jobs_manager.Startup.<ConfigureServices>b__4_0(IGlobalConfiguration options) in D:\hoangle\rebuild_projects\jobs_manager\Startup.cs:line 32
   at Hangfire.HangfireServiceCollectionExtensions.<>c__DisplayClass0_0.<AddHangfire>b__9(IServiceProvider serviceProvider)
   at Microsoft.Extensions.DependencyInjection.ServiceLookup.CallSiteRuntimeResolver.VisitFactory(FactoryCallSite factoryCallSite, ServiceProviderEngineScope scope)
   at Microsoft.Extensions.DependencyInjection.ServiceLookup.CallSiteVisitor`2.VisitCallSite(IServiceCallSite callSite, TArgument argument)
   at Microsoft.Extensions.DependencyInjection.ServiceLookup.CallSiteRuntimeResolver.VisitScoped(ScopedCallSite scopedCallSite, ServiceProviderEngineScope scope)
   at Microsoft.Extensions.DependencyInjection.ServiceLookup.CallSiteRuntimeResolver.VisitSingleton(SingletonCallSite singletonCallSite, ServiceProviderEngineScope scope)
   at Microsoft.Extensions.DependencyInjection.ServiceLookup.CallSiteVisitor`2.VisitCallSite(IServiceCallSite callSite, TArgument argument)
   at Microsoft.Extensions.DependencyInjection.ServiceLookup.DynamicServiceProviderEngine.<>c__DisplayClass1_0.<RealizeService>b__0(ServiceProviderEngineScope scope)
   at Microsoft.Extensions.DependencyInjection.ServiceLookup.ServiceProviderEngine.GetService(Type serviceType, ServiceProviderEngineScope serviceProviderEngineScope)
   at Microsoft.Extensions.DependencyInjection.ServiceLookup.ServiceProviderEngine.GetService(Type serviceType)
   at Microsoft.Extensions.DependencyInjection.ServiceProvider.GetService(Type serviceType)
   at Microsoft.Extensions.DependencyInjection.ServiceProviderServiceExtensions.GetService[T](IServiceProvider provider)
   at Hangfire.HangfireApplicationBuilderExtensions.ThrowIfNotConfigured(IApplicationBuilder app)
   at Hangfire.HangfireApplicationBuilderExtensions.UseHangfireServer(IApplicationBuilder app, BackgroundJobServerOptions options, IEnumerable`1 additionalProcesses, JobStorage storage)
   at jobs_manager.Startup.Configure(IApplicationBuilder app, IHostingEnvironment env) in D:\hoangle\rebuild_projects\jobs_manager\Startup.cs:line 58
--- End of stack trace from previous location where exception was thrown ---
   at Microsoft.AspNetCore.Hosting.ConventionBasedStartup.Configure(IApplicationBuilder app)
   at Microsoft.AspNetCore.HostFilteringStartupFilter.<>c__DisplayClass0_0.<Configure>b__0(IApplicationBuilder app)
   at Microsoft.AspNetCore.Hosting.Internal.AutoRequestServicesStartupFilter.<>c__DisplayClass0_0.<Configure>b__0(IApplicationBuilder builder)
   at Microsoft.AspNetCore.Hosting.Internal.WebHost.BuildApplication()
   at Microsoft.AspNetCore.Hosting.Internal.WebHost.StartAsync(CancellationToken cancellationToken)
   at Microsoft.AspNetCore.Hosting.WebHostExtensions.RunAsync(IWebHost host, CancellationToken token, String shutdownMessage)
   at Microsoft.AspNetCore.Hosting.WebHostExtensions.RunAsync(IWebHost host, CancellationToken token)
   at Microsoft.AspNetCore.Hosting.WebHostExtensions.Run(IWebHost host)
   at jobs_manager.Program.Main(String[] args) in D:\hoangle\rebuild_projects\jobs_manager\Program.cs:line 18 | [URL]  | [ACTION] 
2018-11-17 10:36:21.6455 | [EVENT_ID]  | DEBUG | [LOGGER] jobs_manager.Program | [DATA] init main  | [URL]  | [ACTION] 
2018-11-17 10:36:22.3425 | [EVENT_ID]  | INFO | [LOGGER] Hangfire.PostgreSql.PostgreSqlStorage | [DATA] Start installing Hangfire SQL objects...  | [URL]  | [ACTION] 
2018-11-17 10:36:22.4680 | [EVENT_ID]  | INFO | [LOGGER] Hangfire.PostgreSql.PostgreSqlStorage | [DATA] Hangfire SQL objects installed.  | [URL]  | [ACTION] 
2018-11-17 10:36:22.5005 | [EVENT_ID]  | INFO | [LOGGER] Hangfire.BackgroundJobServer | [DATA] Starting Hangfire Server  | [URL]  | [ACTION] 
2018-11-17 10:36:22.5005 | [EVENT_ID]  | INFO | [LOGGER] Hangfire.BackgroundJobServer | [DATA] Using job storage: 'PostgreSQL Server: Host: 192.168.99.100, DB: hangfire, Schema: hangfire'  | [URL]  | [ACTION] 
2018-11-17 10:36:22.5005 | [EVENT_ID]  | INFO | [LOGGER] Hangfire.BackgroundJobServer | [DATA] Using the following options for SQL Server job storage:  | [URL]  | [ACTION] 
2018-11-17 10:36:22.5005 | [EVENT_ID]  | INFO | [LOGGER] Hangfire.BackgroundJobServer | [DATA]     Queue poll interval: 00:00:15.  | [URL]  | [ACTION] 
2018-11-17 10:36:22.5005 | [EVENT_ID]  | INFO | [LOGGER] Hangfire.BackgroundJobServer | [DATA]     Invisibility timeout: 00:30:00.  | [URL]  | [ACTION] 
2018-11-17 10:36:22.5005 | [EVENT_ID]  | INFO | [LOGGER] Hangfire.BackgroundJobServer | [DATA] Using the following options for Hangfire Server:  | [URL]  | [ACTION] 
2018-11-17 10:36:22.5005 | [EVENT_ID]  | INFO | [LOGGER] Hangfire.BackgroundJobServer | [DATA]     Worker count: 20  | [URL]  | [ACTION] 
2018-11-17 10:36:22.5005 | [EVENT_ID]  | INFO | [LOGGER] Hangfire.BackgroundJobServer | [DATA]     Listening queues: 'default'  | [URL]  | [ACTION] 
2018-11-17 10:36:22.5005 | [EVENT_ID]  | INFO | [LOGGER] Hangfire.BackgroundJobServer | [DATA]     Shutdown timeout: 00:00:15  | [URL]  | [ACTION] 
2018-11-17 10:36:22.5005 | [EVENT_ID]  | INFO | [LOGGER] Hangfire.BackgroundJobServer | [DATA]     Schedule polling interval: 00:00:15  | [URL]  | [ACTION] 
2018-11-17 10:36:22.5005 | [EVENT_ID]  | DEBUG | [LOGGER] Hangfire.Server.BackgroundProcessingServer | [DATA] Background process 'BackgroundProcessingServer' started.  | [URL]  | [ACTION] 
2018-11-17 10:36:22.6530 | [EVENT_ID]  | DEBUG | [LOGGER] Hangfire.Server.ServerHeartbeat | [DATA] Background process 'ServerHeartbeat' started.  | [URL]  | [ACTION] 
2018-11-17 10:36:22.6530 | [EVENT_ID]  | DEBUG | [LOGGER] Hangfire.Server.Worker | [DATA] Background process 'Worker #3bd76e48' started.  | [URL]  | [ACTION] 
2018-11-17 10:36:22.6530 | [EVENT_ID]  | DEBUG | [LOGGER] Hangfire.Server.ServerWatchdog | [DATA] Background process 'ServerWatchdog' started.  | [URL]  | [ACTION] 
2018-11-17 10:36:22.6530 | [EVENT_ID]  | DEBUG | [LOGGER] Hangfire.PostgreSql.ExpirationManager | [DATA] Background process 'SQL Records Expiration Manager' started.  | [URL]  | [ACTION] 
2018-11-17 10:36:22.6570 | [EVENT_ID]  | DEBUG | [LOGGER] Hangfire.Server.Worker | [DATA] Background process 'Worker #9163f2b0' started.  | [URL]  | [ACTION] 
2018-11-17 10:36:22.6570 | [EVENT_ID]  | DEBUG | [LOGGER] Hangfire.PostgreSql.ExpirationManager | [DATA] Removing outdated records from table 'counter'...  | [URL]  | [ACTION] 
2018-11-17 10:36:22.6570 | [EVENT_ID]  | DEBUG | [LOGGER] Hangfire.Server.Worker | [DATA] Background process 'Worker #55cb9247' started.  | [URL]  | [ACTION] 
2018-11-17 10:36:22.6570 | [EVENT_ID]  | DEBUG | [LOGGER] Hangfire.Server.Worker | [DATA] Background process 'Worker #878cfbc2' started.  | [URL]  | [ACTION] 
2018-11-17 10:36:22.6570 | [EVENT_ID]  | DEBUG | [LOGGER] Hangfire.Server.Worker | [DATA] Background process 'Worker #b6bd5a71' started.  | [URL]  | [ACTION] 
2018-11-17 10:36:22.6570 | [EVENT_ID]  | DEBUG | [LOGGER] Hangfire.Server.Worker | [DATA] Background process 'Worker #7a01ddba' started.  | [URL]  | [ACTION] 
2018-11-17 10:36:22.6570 | [EVENT_ID]  | DEBUG | [LOGGER] Hangfire.Server.Worker | [DATA] Background process 'Worker #7ba35184' started.  | [URL]  | [ACTION] 
2018-11-17 10:36:22.6570 | [EVENT_ID]  | DEBUG | [LOGGER] Hangfire.Server.Worker | [DATA] Background process 'Worker #aed0e68e' started.  | [URL]  | [ACTION] 
2018-11-17 10:36:22.6570 | [EVENT_ID]  | DEBUG | [LOGGER] Hangfire.Server.Worker | [DATA] Background process 'Worker #840a583a' started.  | [URL]  | [ACTION] 
2018-11-17 10:36:22.6570 | [EVENT_ID]  | DEBUG | [LOGGER] Hangfire.Server.Worker | [DATA] Background process 'Worker #03c4a574' started.  | [URL]  | [ACTION] 
2018-11-17 10:36:22.6570 | [EVENT_ID]  | DEBUG | [LOGGER] Hangfire.Server.Worker | [DATA] Background process 'Worker #23984b69' started.  | [URL]  | [ACTION] 
2018-11-17 10:36:22.6570 | [EVENT_ID]  | DEBUG | [LOGGER] Hangfire.Server.Worker | [DATA] Background process 'Worker #d9ea7968' started.  | [URL]  | [ACTION] 
2018-11-17 10:36:22.6570 | [EVENT_ID]  | DEBUG | [LOGGER] Hangfire.Server.Worker | [DATA] Background process 'Worker #956e519e' started.  | [URL]  | [ACTION] 
2018-11-17 10:36:22.6730 | [EVENT_ID]  | DEBUG | [LOGGER] Hangfire.Server.Worker | [DATA] Background process 'Worker #de56ae89' started.  | [URL]  | [ACTION] 
2018-11-17 10:36:22.6730 | [EVENT_ID]  | DEBUG | [LOGGER] Hangfire.Server.Worker | [DATA] Background process 'Worker #31156091' started.  | [URL]  | [ACTION] 
2018-11-17 10:36:22.6730 | [EVENT_ID]  | DEBUG | [LOGGER] Hangfire.Server.Worker | [DATA] Background process 'Worker #5b7f63fa' started.  | [URL]  | [ACTION] 
2018-11-17 10:36:22.6730 | [EVENT_ID]  | DEBUG | [LOGGER] Hangfire.Server.Worker | [DATA] Background process 'Worker #bc24cb22' started.  | [URL]  | [ACTION] 
2018-11-17 10:36:22.6730 | [EVENT_ID]  | DEBUG | [LOGGER] Hangfire.Server.Worker | [DATA] Background process 'Worker #3aadb478' started.  | [URL]  | [ACTION] 
2018-11-17 10:36:22.6880 | [EVENT_ID]  | DEBUG | [LOGGER] Hangfire.Server.Worker | [DATA] Background process 'Worker #4ce19515' started.  | [URL]  | [ACTION] 
2018-11-17 10:36:22.6880 | [EVENT_ID]  | DEBUG | [LOGGER] Hangfire.Server.Worker | [DATA] Background process 'Worker #de69c310' started.  | [URL]  | [ACTION] 
2018-11-17 10:36:22.6880 | [EVENT_ID]  | DEBUG | [LOGGER] Hangfire.Server.DelayedJobScheduler | [DATA] Background process 'DelayedJobScheduler' started.  | [URL]  | [ACTION] 
2018-11-17 10:36:22.6880 | [EVENT_ID]  | DEBUG | [LOGGER] Hangfire.Server.RecurringJobScheduler | [DATA] Background process 'RecurringJobScheduler' started.  | [URL]  | [ACTION] 
2018-11-17 10:36:22.7505 | [EVENT_ID]  | DEBUG | [LOGGER] Hangfire.PostgreSql.ExpirationManager | [DATA] Removing outdated records from table 'job'...  | [URL]  | [ACTION] 
2018-11-17 10:36:22.7505 | [EVENT_ID]  | DEBUG | [LOGGER] Hangfire.PostgreSql.ExpirationManager | [DATA] Removing outdated records from table 'list'...  | [URL]  | [ACTION] 
2018-11-17 10:36:22.7505 | [EVENT_ID]  | DEBUG | [LOGGER] Hangfire.PostgreSql.ExpirationManager | [DATA] Removing outdated records from table 'set'...  | [URL]  | [ACTION] 
2018-11-17 10:36:22.7505 | [EVENT_ID]  | DEBUG | [LOGGER] Hangfire.PostgreSql.ExpirationManager | [DATA] Removing outdated records from table 'hash'...  | [URL]  | [ACTION] 
2018-11-17 10:36:26.7910 | [EVENT_ID]  | DEBUG | [LOGGER] Hangfire.BackgroundJobServer | [DATA] Hangfire Server is stopping...  | [URL]  | [ACTION] 
2018-11-17 10:36:26.7910 | [EVENT_ID]  | DEBUG | [LOGGER] Hangfire.Server.DelayedJobScheduler | [DATA] Background process 'DelayedJobScheduler' stopped.  | [URL]  | [ACTION] 
2018-11-17 10:36:26.7910 | [EVENT_ID]  | TRACE | [LOGGER] Hangfire.Server.Worker | [DATA] Background process 'Worker #5b7f63fa' was stopped due to a shutdown request.  | [URL]  | [ACTION] 
2018-11-17 10:36:26.7910 | [EVENT_ID]  | TRACE | [LOGGER] Hangfire.Server.Worker | [DATA] Background process 'Worker #3aadb478' was stopped due to a shutdown request.  | [URL]  | [ACTION] 
2018-11-17 10:36:26.7910 | [EVENT_ID]  | TRACE | [LOGGER] Hangfire.Server.Worker | [DATA] Background process 'Worker #55cb9247' was stopped due to a shutdown request.  | [URL]  | [ACTION] 
2018-11-17 10:36:26.7910 | [EVENT_ID]  | TRACE | [LOGGER] Hangfire.Server.Worker | [DATA] Background process 'Worker #aed0e68e' was stopped due to a shutdown request.  | [URL]  | [ACTION] 
2018-11-17 10:36:26.7910 | [EVENT_ID]  | TRACE | [LOGGER] Hangfire.Server.Worker | [DATA] Background process 'Worker #31156091' was stopped due to a shutdown request.  | [URL]  | [ACTION] 
2018-11-17 10:36:26.7910 | [EVENT_ID]  | TRACE | [LOGGER] Hangfire.Server.Worker | [DATA] Background process 'Worker #7ba35184' was stopped due to a shutdown request.  | [URL]  | [ACTION] 
2018-11-17 10:36:26.7910 | [EVENT_ID]  | TRACE | [LOGGER] Hangfire.Server.RecurringJobScheduler | [DATA] Background process 'RecurringJobScheduler' was stopped due to a shutdown request.  | [URL]  | [ACTION] 
2018-11-17 10:36:26.7910 | [EVENT_ID]  | DEBUG | [LOGGER] Hangfire.PostgreSql.ExpirationManager | [DATA] Background process 'SQL Records Expiration Manager' stopped.  | [URL]  | [ACTION] 
2018-11-17 10:36:26.7910 | [EVENT_ID]  | DEBUG | [LOGGER] Hangfire.Server.ServerHeartbeat | [DATA] Background process 'ServerHeartbeat' stopped.  | [URL]  | [ACTION] 
2018-11-17 10:36:26.7910 | [EVENT_ID]  | TRACE | [LOGGER] Hangfire.Server.Worker | [DATA] Background process 'Worker #840a583a' was stopped due to a shutdown request.  | [URL]  | [ACTION] 
2018-11-17 10:36:26.7910 | [EVENT_ID]  | DEBUG | [LOGGER] Hangfire.Server.Worker | [DATA] Background process 'Worker #840a583a' stopped.  | [URL]  | [ACTION] 
2018-11-17 10:36:26.7910 | [EVENT_ID]  | TRACE | [LOGGER] Hangfire.Server.Worker | [DATA] Background process 'Worker #7a01ddba' was stopped due to a shutdown request.  | [URL]  | [ACTION] 
2018-11-17 10:36:26.7910 | [EVENT_ID]  | DEBUG | [LOGGER] Hangfire.Server.Worker | [DATA] Background process 'Worker #7a01ddba' stopped.  | [URL]  | [ACTION] 
2018-11-17 10:36:26.7910 | [EVENT_ID]  | DEBUG | [LOGGER] Hangfire.Server.RecurringJobScheduler | [DATA] Background process 'RecurringJobScheduler' stopped.  | [URL]  | [ACTION] 
2018-11-17 10:36:26.7910 | [EVENT_ID]  | TRACE | [LOGGER] Hangfire.Server.Worker | [DATA] Background process 'Worker #de69c310' was stopped due to a shutdown request.  | [URL]  | [ACTION] 
2018-11-17 10:36:26.7910 | [EVENT_ID]  | DEBUG | [LOGGER] Hangfire.Server.Worker | [DATA] Background process 'Worker #de69c310' stopped.  | [URL]  | [ACTION] 
2018-11-17 10:36:26.7910 | [EVENT_ID]  | TRACE | [LOGGER] Hangfire.Server.Worker | [DATA] Background process 'Worker #b6bd5a71' was stopped due to a shutdown request.  | [URL]  | [ACTION] 
2018-11-17 10:36:26.8050 | [EVENT_ID]  | DEBUG | [LOGGER] Hangfire.Server.Worker | [DATA] Background process 'Worker #b6bd5a71' stopped.  | [URL]  | [ACTION] 
2018-11-17 10:36:26.7910 | [EVENT_ID]  | TRACE | [LOGGER] Hangfire.Server.Worker | [DATA] Background process 'Worker #d9ea7968' was stopped due to a shutdown request.  | [URL]  | [ACTION] 
2018-11-17 10:36:26.7910 | [EVENT_ID]  | TRACE | [LOGGER] Hangfire.Server.Worker | [DATA] Background process 'Worker #956e519e' was stopped due to a shutdown request.  | [URL]  | [ACTION] 
2018-11-17 10:36:26.8050 | [EVENT_ID]  | DEBUG | [LOGGER] Hangfire.Server.Worker | [DATA] Background process 'Worker #956e519e' stopped.  | [URL]  | [ACTION] 
2018-11-17 10:36:26.7910 | [EVENT_ID]  | DEBUG | [LOGGER] Hangfire.Server.Worker | [DATA] Background process 'Worker #5b7f63fa' stopped.  | [URL]  | [ACTION] 
2018-11-17 10:36:26.7910 | [EVENT_ID]  | TRACE | [LOGGER] Hangfire.Server.Worker | [DATA] Background process 'Worker #4ce19515' was stopped due to a shutdown request.  | [URL]  | [ACTION] 
2018-11-17 10:36:26.8050 | [EVENT_ID]  | DEBUG | [LOGGER] Hangfire.Server.Worker | [DATA] Background process 'Worker #4ce19515' stopped.  | [URL]  | [ACTION] 
2018-11-17 10:36:26.7910 | [EVENT_ID]  | TRACE | [LOGGER] Hangfire.Server.Worker | [DATA] Background process 'Worker #bc24cb22' was stopped due to a shutdown request.  | [URL]  | [ACTION] 
2018-11-17 10:36:26.7910 | [EVENT_ID]  | DEBUG | [LOGGER] Hangfire.Server.Worker | [DATA] Background process 'Worker #3aadb478' stopped.  | [URL]  | [ACTION] 
2018-11-17 10:36:26.7910 | [EVENT_ID]  | TRACE | [LOGGER] Hangfire.Server.Worker | [DATA] Background process 'Worker #de56ae89' was stopped due to a shutdown request.  | [URL]  | [ACTION] 
2018-11-17 10:36:26.7910 | [EVENT_ID]  | TRACE | [LOGGER] Hangfire.Server.Worker | [DATA] Background process 'Worker #878cfbc2' was stopped due to a shutdown request.  | [URL]  | [ACTION] 
2018-11-17 10:36:26.7910 | [EVENT_ID]  | TRACE | [LOGGER] Hangfire.Server.Worker | [DATA] Background process 'Worker #9163f2b0' was stopped due to a shutdown request.  | [URL]  | [ACTION] 
2018-11-17 10:36:26.8050 | [EVENT_ID]  | DEBUG | [LOGGER] Hangfire.Server.Worker | [DATA] Background process 'Worker #878cfbc2' stopped.  | [URL]  | [ACTION] 
2018-11-17 10:36:26.7910 | [EVENT_ID]  | TRACE | [LOGGER] Hangfire.Server.Worker | [DATA] Background process 'Worker #23984b69' was stopped due to a shutdown request.  | [URL]  | [ACTION] 
2018-11-17 10:36:26.7910 | [EVENT_ID]  | TRACE | [LOGGER] Hangfire.Server.Worker | [DATA] Background process 'Worker #3bd76e48' was stopped due to a shutdown request.  | [URL]  | [ACTION] 
2018-11-17 10:36:26.7910 | [EVENT_ID]  | DEBUG | [LOGGER] Hangfire.Server.Worker | [DATA] Background process 'Worker #aed0e68e' stopped.  | [URL]  | [ACTION] 
2018-11-17 10:36:26.7910 | [EVENT_ID]  | DEBUG | [LOGGER] Hangfire.Server.Worker | [DATA] Background process 'Worker #31156091' stopped.  | [URL]  | [ACTION] 
2018-11-17 10:36:26.7910 | [EVENT_ID]  | DEBUG | [LOGGER] Hangfire.Server.Worker | [DATA] Background process 'Worker #7ba35184' stopped.  | [URL]  | [ACTION] 
2018-11-17 10:36:26.7910 | [EVENT_ID]  | TRACE | [LOGGER] Hangfire.Server.Worker | [DATA] Background process 'Worker #03c4a574' was stopped due to a shutdown request.  | [URL]  | [ACTION] 
2018-11-17 10:36:26.8050 | [EVENT_ID]  | DEBUG | [LOGGER] Hangfire.Server.Worker | [DATA] Background process 'Worker #d9ea7968' stopped.  | [URL]  | [ACTION] 
2018-11-17 10:36:26.7910 | [EVENT_ID]  | DEBUG | [LOGGER] Hangfire.Server.ServerWatchdog | [DATA] Background process 'ServerWatchdog' stopped.  | [URL]  | [ACTION] 
2018-11-17 10:36:26.8050 | [EVENT_ID]  | DEBUG | [LOGGER] Hangfire.Server.Worker | [DATA] Background process 'Worker #03c4a574' stopped.  | [URL]  | [ACTION] 
2018-11-17 10:36:26.8050 | [EVENT_ID]  | DEBUG | [LOGGER] Hangfire.Server.Worker | [DATA] Background process 'Worker #de56ae89' stopped.  | [URL]  | [ACTION] 
2018-11-17 10:36:26.7910 | [EVENT_ID]  | DEBUG | [LOGGER] Hangfire.Server.Worker | [DATA] Background process 'Worker #55cb9247' stopped.  | [URL]  | [ACTION] 
2018-11-17 10:36:26.8050 | [EVENT_ID]  | DEBUG | [LOGGER] Hangfire.Server.Worker | [DATA] Background process 'Worker #9163f2b0' stopped.  | [URL]  | [ACTION] 
2018-11-17 10:36:26.8050 | [EVENT_ID]  | DEBUG | [LOGGER] Hangfire.Server.Worker | [DATA] Background process 'Worker #23984b69' stopped.  | [URL]  | [ACTION] 
2018-11-17 10:36:26.8050 | [EVENT_ID]  | DEBUG | [LOGGER] Hangfire.Server.Worker | [DATA] Background process 'Worker #3bd76e48' stopped.  | [URL]  | [ACTION] 
2018-11-17 10:36:26.8050 | [EVENT_ID]  | DEBUG | [LOGGER] Hangfire.Server.Worker | [DATA] Background process 'Worker #bc24cb22' stopped.  | [URL]  | [ACTION] 
2018-11-17 10:36:26.8250 | [EVENT_ID]  | DEBUG | [LOGGER] Hangfire.Server.BackgroundProcessingServer | [DATA] Background process 'BackgroundProcessingServer' stopped.  | [URL]  | [ACTION] 
2018-11-17 10:36:26.8250 | [EVENT_ID]  | INFO | [LOGGER] Hangfire.BackgroundJobServer | [DATA] Hangfire Server stopped.  | [URL]  | [ACTION] 
2018-11-17 10:51:25.9355 | [EVENT_ID]  | DEBUG | [LOGGER] jobs_manager.Program | [DATA] init main  | [URL]  | [ACTION] 
2018-11-17 10:51:27.3515 | [EVENT_ID]  | INFO | [LOGGER] Hangfire.PostgreSql.PostgreSqlStorage | [DATA] Start installing Hangfire SQL objects...  | [URL]  | [ACTION] 
2018-11-17 10:51:27.5445 | [EVENT_ID]  | INFO | [LOGGER] Hangfire.PostgreSql.PostgreSqlStorage | [DATA] Hangfire SQL objects installed.  | [URL]  | [ACTION] 
2018-11-17 10:51:27.5590 | [EVENT_ID]  | INFO | [LOGGER] Hangfire.BackgroundJobServer | [DATA] Starting Hangfire Server  | [URL]  | [ACTION] 
2018-11-17 10:51:27.5590 | [EVENT_ID]  | INFO | [LOGGER] Hangfire.BackgroundJobServer | [DATA] Using job storage: 'PostgreSQL Server: Host: 192.168.99.100, DB: hangfire, Schema: hangfire'  | [URL]  | [ACTION] 
2018-11-17 10:51:27.5590 | [EVENT_ID]  | INFO | [LOGGER] Hangfire.BackgroundJobServer | [DATA] Using the following options for SQL Server job storage:  | [URL]  | [ACTION] 
2018-11-17 10:51:27.5590 | [EVENT_ID]  | INFO | [LOGGER] Hangfire.BackgroundJobServer | [DATA]     Queue poll interval: 00:00:15.  | [URL]  | [ACTION] 
2018-11-17 10:51:27.5590 | [EVENT_ID]  | INFO | [LOGGER] Hangfire.BackgroundJobServer | [DATA]     Invisibility timeout: 00:30:00.  | [URL]  | [ACTION] 
2018-11-17 10:51:27.5590 | [EVENT_ID]  | INFO | [LOGGER] Hangfire.BackgroundJobServer | [DATA] Using the following options for Hangfire Server:  | [URL]  | [ACTION] 
2018-11-17 10:51:27.5590 | [EVENT_ID]  | INFO | [LOGGER] Hangfire.BackgroundJobServer | [DATA]     Worker count: 20  | [URL]  | [ACTION] 
2018-11-17 10:51:27.5590 | [EVENT_ID]  | INFO | [LOGGER] Hangfire.BackgroundJobServer | [DATA]     Listening queues: 'default'  | [URL]  | [ACTION] 
2018-11-17 10:51:27.5645 | [EVENT_ID]  | INFO | [LOGGER] Hangfire.BackgroundJobServer | [DATA]     Shutdown timeout: 00:00:15  | [URL]  | [ACTION] 
2018-11-17 10:51:27.5645 | [EVENT_ID]  | INFO | [LOGGER] Hangfire.BackgroundJobServer | [DATA]     Schedule polling interval: 00:00:15  | [URL]  | [ACTION] 
2018-11-17 10:51:27.5645 | [EVENT_ID]  | DEBUG | [LOGGER] Hangfire.Server.BackgroundProcessingServer | [DATA] Background process 'BackgroundProcessingServer' started.  | [URL]  | [ACTION] 
2018-11-17 10:51:27.7635 | [EVENT_ID]  | DEBUG | [LOGGER] Hangfire.Server.ServerHeartbeat | [DATA] Background process 'ServerHeartbeat' started.  | [URL]  | [ACTION] 
2018-11-17 10:51:27.7635 | [EVENT_ID]  | DEBUG | [LOGGER] Hangfire.Server.ServerWatchdog | [DATA] Background process 'ServerWatchdog' started.  | [URL]  | [ACTION] 
2018-11-17 10:51:27.7635 | [EVENT_ID]  | DEBUG | [LOGGER] Hangfire.PostgreSql.ExpirationManager | [DATA] Background process 'SQL Records Expiration Manager' started.  | [URL]  | [ACTION] 
2018-11-17 10:51:27.7670 | [EVENT_ID]  | DEBUG | [LOGGER] Hangfire.Server.Worker | [DATA] Background process 'Worker #e21682bd' started.  | [URL]  | [ACTION] 
2018-11-17 10:51:27.7670 | [EVENT_ID]  | DEBUG | [LOGGER] Hangfire.Server.Worker | [DATA] Background process 'Worker #d5119810' started.  | [URL]  | [ACTION] 
2018-11-17 10:51:27.7670 | [EVENT_ID]  | DEBUG | [LOGGER] Hangfire.PostgreSql.ExpirationManager | [DATA] Removing outdated records from table 'counter'...  | [URL]  | [ACTION] 
2018-11-17 10:51:27.7670 | [EVENT_ID]  | DEBUG | [LOGGER] Hangfire.Server.Worker | [DATA] Background process 'Worker #906eae15' started.  | [URL]  | [ACTION] 
2018-11-17 10:51:27.7670 | [EVENT_ID]  | DEBUG | [LOGGER] Hangfire.Server.Worker | [DATA] Background process 'Worker #637f563f' started.  | [URL]  | [ACTION] 
2018-11-17 10:51:27.7670 | [EVENT_ID]  | DEBUG | [LOGGER] Hangfire.Server.Worker | [DATA] Background process 'Worker #335e7ecc' started.  | [URL]  | [ACTION] 
2018-11-17 10:51:27.7670 | [EVENT_ID]  | DEBUG | [LOGGER] Hangfire.Server.Worker | [DATA] Background process 'Worker #1b6f73c4' started.  | [URL]  | [ACTION] 
2018-11-17 10:51:27.7670 | [EVENT_ID]  | DEBUG | [LOGGER] Hangfire.Server.Worker | [DATA] Background process 'Worker #18b318ff' started.  | [URL]  | [ACTION] 
2018-11-17 10:51:27.7670 | [EVENT_ID]  | DEBUG | [LOGGER] Hangfire.Server.Worker | [DATA] Background process 'Worker #bb98cc4a' started.  | [URL]  | [ACTION] 
2018-11-17 10:51:27.7670 | [EVENT_ID]  | DEBUG | [LOGGER] Hangfire.Server.Worker | [DATA] Background process 'Worker #fc034494' started.  | [URL]  | [ACTION] 
2018-11-17 10:51:27.7670 | [EVENT_ID]  | DEBUG | [LOGGER] Hangfire.Server.Worker | [DATA] Background process 'Worker #7d5c6b8b' started.  | [URL]  | [ACTION] 
2018-11-17 10:51:27.7670 | [EVENT_ID]  | DEBUG | [LOGGER] Hangfire.Server.Worker | [DATA] Background process 'Worker #6d8af299' started.  | [URL]  | [ACTION] 
2018-11-17 10:51:27.7670 | [EVENT_ID]  | DEBUG | [LOGGER] Hangfire.Server.Worker | [DATA] Background process 'Worker #821c05eb' started.  | [URL]  | [ACTION] 
2018-11-17 10:51:27.7670 | [EVENT_ID]  | DEBUG | [LOGGER] Hangfire.Server.Worker | [DATA] Background process 'Worker #b7b4af34' started.  | [URL]  | [ACTION] 
2018-11-17 10:51:27.7670 | [EVENT_ID]  | DEBUG | [LOGGER] Hangfire.Server.Worker | [DATA] Background process 'Worker #0db3e820' started.  | [URL]  | [ACTION] 
2018-11-17 10:51:27.7670 | [EVENT_ID]  | DEBUG | [LOGGER] Hangfire.Server.Worker | [DATA] Background process 'Worker #3dd88b18' started.  | [URL]  | [ACTION] 
2018-11-17 10:51:27.7670 | [EVENT_ID]  | DEBUG | [LOGGER] Hangfire.Server.Worker | [DATA] Background process 'Worker #722f116b' started.  | [URL]  | [ACTION] 
2018-11-17 10:51:27.7670 | [EVENT_ID]  | DEBUG | [LOGGER] Hangfire.Server.Worker | [DATA] Background process 'Worker #e2e194bc' started.  | [URL]  | [ACTION] 
2018-11-17 10:51:27.7670 | [EVENT_ID]  | DEBUG | [LOGGER] Hangfire.Server.Worker | [DATA] Background process 'Worker #c0e61557' started.  | [URL]  | [ACTION] 
2018-11-17 10:51:27.7670 | [EVENT_ID]  | DEBUG | [LOGGER] Hangfire.Server.Worker | [DATA] Background process 'Worker #0891ebfb' started.  | [URL]  | [ACTION] 
2018-11-17 10:51:27.7830 | [EVENT_ID]  | DEBUG | [LOGGER] Hangfire.Server.Worker | [DATA] Background process 'Worker #4f2191da' started.  | [URL]  | [ACTION] 
2018-11-17 10:51:27.7830 | [EVENT_ID]  | DEBUG | [LOGGER] Hangfire.Server.DelayedJobScheduler | [DATA] Background process 'DelayedJobScheduler' started.  | [URL]  | [ACTION] 
2018-11-17 10:51:27.7830 | [EVENT_ID]  | DEBUG | [LOGGER] Hangfire.Server.RecurringJobScheduler | [DATA] Background process 'RecurringJobScheduler' started.  | [URL]  | [ACTION] 
2018-11-17 10:51:27.8230 | [EVENT_ID]  | DEBUG | [LOGGER] Hangfire.PostgreSql.ExpirationManager | [DATA] Removing outdated records from table 'job'...  | [URL]  | [ACTION] 
2018-11-17 10:51:27.8585 | [EVENT_ID]  | DEBUG | [LOGGER] Hangfire.PostgreSql.ExpirationManager | [DATA] Removing outdated records from table 'list'...  | [URL]  | [ACTION] 
2018-11-17 10:51:27.8680 | [EVENT_ID]  | DEBUG | [LOGGER] Hangfire.PostgreSql.ExpirationManager | [DATA] Removing outdated records from table 'set'...  | [URL]  | [ACTION] 
2018-11-17 10:51:27.8815 | [EVENT_ID]  | DEBUG | [LOGGER] Hangfire.PostgreSql.ExpirationManager | [DATA] Removing outdated records from table 'hash'...  | [URL]  | [ACTION] 
2018-11-17 10:51:27.8815 | [EVENT_ID]  | INFO | [LOGGER] Hangfire.Server.ServerWatchdog | [DATA] 1 servers were removed due to timeout  | [URL]  | [ACTION] 
2018-11-17 10:52:01.9450 | [EVENT_ID]  | DEBUG | [LOGGER] Hangfire.BackgroundJobServer | [DATA] Hangfire Server is stopping...  | [URL]  | [ACTION] 
2018-11-17 10:52:01.9450 | [EVENT_ID]  | DEBUG | [LOGGER] Hangfire.PostgreSql.ExpirationManager | [DATA] Background process 'SQL Records Expiration Manager' stopped.  | [URL]  | [ACTION] 
2018-11-17 10:52:01.9450 | [EVENT_ID]  | TRACE | [LOGGER] Hangfire.Server.Worker | [DATA] Background process 'Worker #3dd88b18' was stopped due to a shutdown request.  | [URL]  | [ACTION] 
2018-11-17 10:52:01.9450 | [EVENT_ID]  | DEBUG | [LOGGER] Hangfire.Server.ServerWatchdog | [DATA] Background process 'ServerWatchdog' stopped.  | [URL]  | [ACTION] 
2018-11-17 10:52:01.9450 | [EVENT_ID]  | DEBUG | [LOGGER] Hangfire.Server.Worker | [DATA] Background process 'Worker #3dd88b18' stopped.  | [URL]  | [ACTION] 
2018-11-17 10:52:01.9450 | [EVENT_ID]  | TRACE | [LOGGER] Hangfire.Server.Worker | [DATA] Background process 'Worker #bb98cc4a' was stopped due to a shutdown request.  | [URL]  | [ACTION] 
2018-11-17 10:52:01.9450 | [EVENT_ID]  | DEBUG | [LOGGER] Hangfire.Server.Worker | [DATA] Background process 'Worker #bb98cc4a' stopped.  | [URL]  | [ACTION] 
2018-11-17 10:52:01.9450 | [EVENT_ID]  | DEBUG | [LOGGER] Hangfire.Server.ServerHeartbeat | [DATA] Background process 'ServerHeartbeat' stopped.  | [URL]  | [ACTION] 
2018-11-17 10:52:01.9450 | [EVENT_ID]  | TRACE | [LOGGER] Hangfire.Server.Worker | [DATA] Background process 'Worker #6d8af299' was stopped due to a shutdown request.  | [URL]  | [ACTION] 
2018-11-17 10:52:01.9450 | [EVENT_ID]  | TRACE | [LOGGER] Hangfire.Server.Worker | [DATA] Background process 'Worker #0db3e820' was stopped due to a shutdown request.  | [URL]  | [ACTION] 
2018-11-17 10:52:01.9450 | [EVENT_ID]  | DEBUG | [LOGGER] Hangfire.Server.Worker | [DATA] Background process 'Worker #0db3e820' stopped.  | [URL]  | [ACTION] 
2018-11-17 10:52:01.9450 | [EVENT_ID]  | TRACE | [LOGGER] Hangfire.Server.Worker | [DATA] Background process 'Worker #c0e61557' was stopped due to a shutdown request.  | [URL]  | [ACTION] 
2018-11-17 10:52:01.9450 | [EVENT_ID]  | TRACE | [LOGGER] Hangfire.Server.Worker | [DATA] Background process 'Worker #1b6f73c4' was stopped due to a shutdown request.  | [URL]  | [ACTION] 
2018-11-17 10:52:01.9450 | [EVENT_ID]  | TRACE | [LOGGER] Hangfire.Server.Worker | [DATA] Background process 'Worker #906eae15' was stopped due to a shutdown request.  | [URL]  | [ACTION] 
2018-11-17 10:52:01.9450 | [EVENT_ID]  | TRACE | [LOGGER] Hangfire.Server.Worker | [DATA] Background process 'Worker #e21682bd' was stopped due to a shutdown request.  | [URL]  | [ACTION] 
2018-11-17 10:52:01.9450 | [EVENT_ID]  | TRACE | [LOGGER] Hangfire.Server.Worker | [DATA] Background process 'Worker #7d5c6b8b' was stopped due to a shutdown request.  | [URL]  | [ACTION] 
2018-11-17 10:52:01.9450 | [EVENT_ID]  | TRACE | [LOGGER] Hangfire.Server.Worker | [DATA] Background process 'Worker #e2e194bc' was stopped due to a shutdown request.  | [URL]  | [ACTION] 
2018-11-17 10:52:01.9585 | [EVENT_ID]  | TRACE | [LOGGER] Hangfire.Server.Worker | [DATA] Background process 'Worker #fc034494' was stopped due to a shutdown request.  | [URL]  | [ACTION] 
2018-11-17 10:52:01.9450 | [EVENT_ID]  | TRACE | [LOGGER] Hangfire.Server.Worker | [DATA] Background process 'Worker #18b318ff' was stopped due to a shutdown request.  | [URL]  | [ACTION] 
2018-11-17 10:52:01.9450 | [EVENT_ID]  | TRACE | [LOGGER] Hangfire.Server.Worker | [DATA] Background process 'Worker #722f116b' was stopped due to a shutdown request.  | [URL]  | [ACTION] 
2018-11-17 10:52:01.9450 | [EVENT_ID]  | TRACE | [LOGGER] Hangfire.Server.Worker | [DATA] Background process 'Worker #d5119810' was stopped due to a shutdown request.  | [URL]  | [ACTION] 
2018-11-17 10:52:01.9585 | [EVENT_ID]  | DEBUG | [LOGGER] Hangfire.Server.Worker | [DATA] Background process 'Worker #722f116b' stopped.  | [URL]  | [ACTION] 
2018-11-17 10:52:01.9450 | [EVENT_ID]  | TRACE | [LOGGER] Hangfire.Server.RecurringJobScheduler | [DATA] Background process 'RecurringJobScheduler' was stopped due to a shutdown request.  | [URL]  | [ACTION] 
2018-11-17 10:52:01.9450 | [EVENT_ID]  | DEBUG | [LOGGER] Hangfire.Server.Worker | [DATA] Background process 'Worker #6d8af299' stopped.  | [URL]  | [ACTION] 
2018-11-17 10:52:01.9450 | [EVENT_ID]  | DEBUG | [LOGGER] Hangfire.Server.Worker | [DATA] Background process 'Worker #c0e61557' stopped.  | [URL]  | [ACTION] 
2018-11-17 10:52:01.9450 | [EVENT_ID]  | DEBUG | [LOGGER] Hangfire.Server.Worker | [DATA] Background process 'Worker #1b6f73c4' stopped.  | [URL]  | [ACTION] 
2018-11-17 10:52:01.9450 | [EVENT_ID]  | DEBUG | [LOGGER] Hangfire.Server.Worker | [DATA] Background process 'Worker #906eae15' stopped.  | [URL]  | [ACTION] 
2018-11-17 10:52:01.9585 | [EVENT_ID]  | DEBUG | [LOGGER] Hangfire.Server.Worker | [DATA] Background process 'Worker #7d5c6b8b' stopped.  | [URL]  | [ACTION] 
2018-11-17 10:52:01.9450 | [EVENT_ID]  | DEBUG | [LOGGER] Hangfire.Server.Worker | [DATA] Background process 'Worker #e21682bd' stopped.  | [URL]  | [ACTION] 
2018-11-17 10:52:01.9450 | [EVENT_ID]  | TRACE | [LOGGER] Hangfire.Server.Worker | [DATA] Background process 'Worker #0891ebfb' was stopped due to a shutdown request.  | [URL]  | [ACTION] 
2018-11-17 10:52:01.9585 | [EVENT_ID]  | TRACE | [LOGGER] Hangfire.Server.Worker | [DATA] Background process 'Worker #4f2191da' was stopped due to a shutdown request.  | [URL]  | [ACTION] 
2018-11-17 10:52:01.9585 | [EVENT_ID]  | TRACE | [LOGGER] Hangfire.Server.Worker | [DATA] Background process 'Worker #637f563f' was stopped due to a shutdown request.  | [URL]  | [ACTION] 
2018-11-17 10:52:01.9585 | [EVENT_ID]  | TRACE | [LOGGER] Hangfire.Server.Worker | [DATA] Background process 'Worker #b7b4af34' was stopped due to a shutdown request.  | [URL]  | [ACTION] 
2018-11-17 10:52:01.9585 | [EVENT_ID]  | TRACE | [LOGGER] Hangfire.Server.Worker | [DATA] Background process 'Worker #335e7ecc' was stopped due to a shutdown request.  | [URL]  | [ACTION] 
2018-11-17 10:52:01.9585 | [EVENT_ID]  | TRACE | [LOGGER] Hangfire.Server.Worker | [DATA] Background process 'Worker #821c05eb' was stopped due to a shutdown request.  | [URL]  | [ACTION] 
2018-11-17 10:52:01.9585 | [EVENT_ID]  | DEBUG | [LOGGER] Hangfire.Server.Worker | [DATA] Background process 'Worker #e2e194bc' stopped.  | [URL]  | [ACTION] 
2018-11-17 10:52:01.9585 | [EVENT_ID]  | DEBUG | [LOGGER] Hangfire.Server.Worker | [DATA] Background process 'Worker #fc034494' stopped.  | [URL]  | [ACTION] 
2018-11-17 10:52:01.9585 | [EVENT_ID]  | DEBUG | [LOGGER] Hangfire.Server.Worker | [DATA] Background process 'Worker #18b318ff' stopped.  | [URL]  | [ACTION] 
2018-11-17 10:52:01.9450 | [EVENT_ID]  | DEBUG | [LOGGER] Hangfire.Server.DelayedJobScheduler | [DATA] Background process 'DelayedJobScheduler' stopped.  | [URL]  | [ACTION] 
2018-11-17 10:52:01.9585 | [EVENT_ID]  | DEBUG | [LOGGER] Hangfire.Server.RecurringJobScheduler | [DATA] Background process 'RecurringJobScheduler' stopped.  | [URL]  | [ACTION] 
2018-11-17 10:52:01.9585 | [EVENT_ID]  | DEBUG | [LOGGER] Hangfire.Server.Worker | [DATA] Background process 'Worker #d5119810' stopped.  | [URL]  | [ACTION] 
2018-11-17 10:52:01.9585 | [EVENT_ID]  | DEBUG | [LOGGER] Hangfire.Server.Worker | [DATA] Background process 'Worker #0891ebfb' stopped.  | [URL]  | [ACTION] 
2018-11-17 10:52:01.9585 | [EVENT_ID]  | DEBUG | [LOGGER] Hangfire.Server.Worker | [DATA] Background process 'Worker #4f2191da' stopped.  | [URL]  | [ACTION] 
2018-11-17 10:52:01.9585 | [EVENT_ID]  | DEBUG | [LOGGER] Hangfire.Server.Worker | [DATA] Background process 'Worker #637f563f' stopped.  | [URL]  | [ACTION] 
2018-11-17 10:52:01.9585 | [EVENT_ID]  | DEBUG | [LOGGER] Hangfire.Server.Worker | [DATA] Background process 'Worker #b7b4af34' stopped.  | [URL]  | [ACTION] 
2018-11-17 10:52:01.9585 | [EVENT_ID]  | DEBUG | [LOGGER] Hangfire.Server.Worker | [DATA] Background process 'Worker #335e7ecc' stopped.  | [URL]  | [ACTION] 
2018-11-17 10:52:01.9585 | [EVENT_ID]  | DEBUG | [LOGGER] Hangfire.Server.Worker | [DATA] Background process 'Worker #821c05eb' stopped.  | [URL]  | [ACTION] 
2018-11-17 10:52:02.0165 | [EVENT_ID]  | DEBUG | [LOGGER] Hangfire.Server.BackgroundProcessingServer | [DATA] Background process 'BackgroundProcessingServer' stopped.  | [URL]  | [ACTION] 
2018-11-17 10:52:02.0165 | [EVENT_ID]  | INFO | [LOGGER] Hangfire.BackgroundJobServer | [DATA] Hangfire Server stopped.  | [URL]  | [ACTION] 
